WEC-Sim: An open-source code for simulating wave energy converters
Version: 7.0.0

Initializing the Simulation Class...
	Case Dir: C:\Users\OLUWATOBI BELLO\Documents\MATLAB\WEC-Sim\examples\RM3\sim_files 
{Error using <a href="matlab:matlab.lang.internal.introspective.errorDocCallback('simulationClass/checkInputs', 'C:\Users\OLUWATOBI BELLO\Documents\MATLAB\WEC-Sim\source\objects\simulationClass.m', 130)" style="font-weight:bold">simulationClass/checkInputs</a> (<a href="matlab: opentoline('C:\Users\OLUWATOBI BELLO\Documents\MATLAB\WEC-Sim\source\objects\simulationClass.m',130,0)">line 130</a>)
The simMechanics file, C:\Users\OLUWATOBI BELLO\Documents\MATLAB\WEC-Sim\examples\RM3\sim_files\RM3.slx, does not exist in the case directory

Error in <a href="matlab:matlab.lang.internal.introspective.errorDocCallback('initializeWecSim', 'C:\Users\OLUWATOBI BELLO\Documents\MATLAB\WEC-Sim\source\functions\initializeWecSim.m', 84)" style="font-weight:bold">initializeWecSim</a> (<a href="matlab: opentoline('C:\Users\OLUWATOBI BELLO\Documents\MATLAB\WEC-Sim\source\functions\initializeWecSim.m',84,0)">line 84</a>)
simu.checkInputs();
^^^^^^^^^^^^^^^^^^
Error in <a href="matlab:matlab.lang.internal.introspective.errorDocCallback('run', 'C:\Program Files\MATLAB\R2025b\toolbox\matlab\lang\run.m', 112)" style="font-weight:bold">run</a> (<a href="matlab: opentoline('C:\Program Files\MATLAB\R2025b\toolbox\matlab\lang\run.m',112,0)">line 112</a>)
evalin('caller', strcat(scriptStem, ';'));
^^^^^^^^^^^^^^^^^^^^^^^^^^^^^^^^^^^^^^^^^
Error in <a href="matlab:matlab.lang.internal.introspective.errorDocCallback('wecSim', 'C:\Users\OLUWATOBI BELLO\Documents\MATLAB\WEC-Sim\source\wecSim.m', 39)" style="font-weight:bold">wecSim</a> (<a href="matlab: opentoline('C:\Users\OLUWATOBI BELLO\Documents\MATLAB\WEC-Sim\source\wecSim.m',39,0)">line 39</a>)
run('initializeWecSim');
^^^^^^^^^^^^^^^^^^^^^^^
Error in <a href="matlab:matlab.lang.internal.introspective.errorDocCallback('run_PowerMatrix', 'C:\Users\OLUWATOBI BELLO\Documents\MATLAB\WEC-Sim\examples\RM3\sim_files\run_PowerMatrix.m', 31)" style="font-weight:bold">run_PowerMatrix</a> (<a href="matlab: opentoline('C:\Users\OLUWATOBI BELLO\Documents\MATLAB\WEC-Sim\examples\RM3\sim_files\run_PowerMatrix.m',31,0)">line 31</a>)
        wecSim;
        ^^^^^^
} 
cd('../wecSim_model')
{Error using <a href="matlab:matlab.lang.internal.introspective.errorDocCallback('cd')" style="font-weight:bold">cd</a>
Unable to change current folder to 'C:\Users\OLUWATOBI BELLO\Documents\MATLAB\WEC-Sim\examples\RM3\sim_files\..\wecSim_model' (Name is nonexistent or not a
folder).
} 
run_PowerMatrix

=======================================================
Running Simulation: Hs = 1.5 m, Tp = 6.0 s...
=======================================================
